0 info it worked if it ends with ok
1 verbose cli [ 'node', '/usr/local/bin/npm', 'start' ]
2 info using npm@1.4.28
3 info using node@v0.10.32
4 verbose run-script [ 'prestart', 'start', 'poststart' ]
5 info prestart angular-test@0.0.0
6 info start angular-test@0.0.0
7 verbose unsafe-perm in lifecycle true
8 info angular-test@0.0.0 Failed to exec start script
9 error angular-test@0.0.0 start: `node ./app/bin/www`
9 error Exit status 8
10 error Failed at the angular-test@0.0.0 start script.
10 error This is most likely a problem with the angular-test package,
10 error not with npm itself.
10 error Tell the author that this fails on your system:
10 error     node ./app/bin/www
10 error You can get their info via:
10 error     npm owner ls angular-test
10 error There is likely additional logging output above.
11 error System Darwin 14.0.0
12 error command "node" "/usr/local/bin/npm" "start"
13 error cwd /Users/tristanmatthias/projects/vimage
14 error node -v v0.10.32
15 error npm -v 1.4.28
16 error code ELIFECYCLE
17 verbose exit [ 1, true ]
